Build started 1/9/2015 5:16:21 PM.
     1>Project "E:\Books\SaarlandLectures\ComputerGraphics\Git_NEW\CG1-skeleton\CG1raytracer.vcxproj" on node 2 (build target(s)).
     1>InitializeBuildStatus:
         Creating "Release\CG1raytracer.unsuccessfulbuild" because "AlwaysCreate" was specified.
       ClCompile:
         e:\VisualStudio2010\VC\bin\CL.exe /c /Zi /nologo /W3 /WX- /O2 /Oi /Ot /Oy /GL /D _MBCS /Gm- /EHsc /MD /GS- /Gy /arch:SSE2 /fp:precise /fp:except- /Zc:wchar_t /Zc:forScope /GR- /openmp /Fo"Release\\" /Fd"Release\vc100.pdb" /Gd /TP /analyze- /errorReport:prompt rt\groups\MotionBlur.cpp
         MotionBlur.cpp
       Link:
         e:\VisualStudio2010\VC\bin\link.exe /ERRORREPORT:PROMPT /OUT:"E:\Books\SaarlandLectures\ComputerGraphics\Git_NEW\CG1-skeleton\Release\CG1raytracer.exe" /NOLOGO gdiplus.lib kernel32.lib user32.lib gdi32.lib winspool.lib comdlg32.lib advapi32.lib shell32.lib ole32.lib oleaut32.lib uuid.lib odbc32.lib odbccp32.lib /MANIFEST /ManifestFile:"Release\CG1raytracer.exe.intermediate.manifest" /MANIFESTUAC:"level='asInvoker' uiAccess='false'" /DEBUG /PDB:"E:\Books\SaarlandLectures\ComputerGraphics\Git_NEW\CG1-skeleton\Release\CG1raytracer.pdb" /OPT:REF /OPT:ICF /LTCG /TLBID:1 /DYNAMICBASE /NXCOMPAT /IMPLIB:"E:\Books\SaarlandLectures\ComputerGraphics\Git_NEW\CG1-skeleton\Release\CG1raytracer.lib" /MACHINE:X86 Release\color.obj
         Release\float4.obj
         Release\image.obj
         Release\interpolate.obj
         Release\julia.obj
         Release\matrix.obj
         Release\point.obj
         Release\random.obj
         Release\scalar.obj
         Release\vector.obj
         Release\a_csg.obj
         Release\a_distributed.obj
         Release\a_indexing.obj
         Release\a_instancing.obj
         Release\a_julia.obj
         Release\a_cameras.obj
         Release\a_lighting.obj
         Release\a_mappers.obj
         Release\a_materials.obj
         Release\a_motionBlur.obj
         Release\a_solids.obj
         Release\a_textures.obj
         Release\main.obj
         Release\bbox.obj
         Release\dofperspective.obj
         Release\orthographic.obj
         Release\perspective.obj
         Release\cylindrical.obj
         Release\plane.obj
         Release\spherical.obj
         Release\tmapper.obj
         Release\world.obj
         Release\bvh.obj
         Release\csg.obj
         Release\csgaabox.obj
         Release\csgsphere.obj
         Release\MotionBlur.obj
         Release\simplegroup.obj
         Release\casting.obj
         Release\castingdist.obj
         Release\raytrace.obj
         Release\recraytrace.obj
         Release\intersection.obj
         Release\arealight.obj
         Release\directional.obj
         Release\light.obj
         Release\pointlight.obj
         Release\projectivelight.obj
         Release\spotlight.obj
         Release\obj.obj
         Release\combine.obj
         Release\dummy.obj
         Release\flatmaterial.obj
         Release\fuzzymirror.obj
         Release\glass.obj
         Release\lambertian.obj
         Release\mirror.obj
         Release\phong.obj
         Release\instance.obj
         Release\ray.obj
         Release\renderer.obj
         Release\aabox.obj
         Release\disc.obj
         Release\infiniteplane.obj
         Release\quad.obj
         Release\solid.obj
         Release\sphere.obj
         Release\triangle.obj
         Release\checkerboard.obj
         Release\constant.obj
         Release\imagetex.obj
         Release\perlin.obj
         Release\world.obj
     1>Release\world.obj : warning LNK4042: object specified more than once; extras ignored
     1>MotionBlur.obj : error LNK2001: unresolved external symbol "public: void __thiscall rt::Instance::applyTransform(class rt::Matrix &)" (?applyTransform@Instance@rt@@QAEXAAVMatrix@2@@Z)
     1>E:\Books\SaarlandLectures\ComputerGraphics\Git_NEW\CG1-skeleton\Release\CG1raytracer.exe : fatal error LNK1120: 1 unresolved externals
     1>Done Building Project "E:\Books\SaarlandLectures\ComputerGraphics\Git_NEW\CG1-skeleton\CG1raytracer.vcxproj" (build target(s)) -- FAILED.

Build FAILED.

Time Elapsed 00:00:01.18
